<?xml version="1.0" encoding="UTF-8"?>
<testng-results ignored="0" total="1" passed="1" failed="0" skipped="0">
  <reporter-output>
  </reporter-output>
  <suite started-at="2022-07-20T21:02:21 BDT" name="Default suite" finished-at="2022-07-20T21:02:30 BDT" duration-ms="9451">
    <groups>
    </groups>
    <test started-at="2022-07-20T21:02:21 BDT" name="Default test" finished-at="2022-07-20T21:02:30 BDT" duration-ms="9451">
      <class name="testCases.TC004_checkBoxAndRadioButtonadvance">
        <test-method is-config="true" signature="setDriver()[pri:0, instance:testCases.TC004_checkBoxAndRadioButtonadvance@36a5cabc]" started-at="2022-07-20T21:02:18 BDT" name="setDriver" finished-at="2022-07-20T21:02:21 BDT" duration-ms="2576" status="PASS">
          <reporter-output>
          </reporter-output>
        </test-method> <!-- setDriver -->
        <test-method signature="checkBoxRadioButtonInIframe()[pri:0, instance:testCases.TC004_checkBoxAndRadioButtonadvance@36a5cabc]" started-at="2022-07-20T21:02:21 BDT" name="checkBoxRadioButtonInIframe" finished-at="2022-07-20T21:02:30 BDT" duration-ms="9310" status="PASS">
          <reporter-output>
          </reporter-output>
        </test-method> <!-- checkBoxRadioButtonInIframe -->
        <test-method is-config="true" signature="closeWindows()[pri:0, instance:testCases.TC004_checkBoxAndRadioButtonadvance@36a5cabc]" started-at="2022-07-20T21:02:30 BDT" name="closeWindows" finished-at="2022-07-20T21:02:30 BDT" duration-ms="82" status="PASS">
          <reporter-output>
          </reporter-output>
        </test-method> <!-- closeWindows -->
      </class> <!-- testCases.TC004_checkBoxAndRadioButtonadvance -->
    </test> <!-- Default test -->
  </suite> <!-- Default suite -->
</testng-results>
